
R version 3.2.0 (2015-04-16) -- "Full of Ingredients"
Copyright (C) 2015 The R Foundation for Statistical Computing
Platform: x86_64-unknown-linux-gnu (64-bit)

R is free software and comes with ABSOLUTELY NO WARRANTY.
You are welcome to redistribute it under certain conditions.
Type 'license()' or 'licence()' for distribution details.

R is a collaborative project with many contributors.
Type 'contributors()' for more information and
'citation()' on how to cite R or R packages in publications.

Type 'demo()' for some demos, 'help()' for on-line help, or
'help.start()' for an HTML browser interface to help.
Type 'q()' to quit R.

> 
> load(file="supreme54.RData")
> 
> install.packages("statnet", Sys.getenv("R_LIBS_USER"), repos = "http://cran.case.edu" )
unable to reach CRAN

The downloaded source packages are in
	'/tmp/RtmpwRgniH/downloaded_packages'
> library(statnet)
> 
> 
> set.seed(1)
> model20.mle<- ergm(scnetwork54~edges+ nodecov('salience')+ nodecov('year.center') + absdiff('year.center') + absdiff('year.center.square')+degreepopularity + dsp(0) + esp(0),
+                    control=control.ergm(MCMLE.maxit = 10000)) #MCMLE.termination = "Hotelling",MCMC.samplesize=8224,
Starting maximum likelihood estimation via MCMLE:
Iteration 1 of at most 10000: 
The log-likelihood improved by 4.357 
Iteration 2 of at most 10000: 
The log-likelihood improved by 2.644 
Iteration 3 of at most 10000: 
The log-likelihood improved by 1.819 
Iteration 4 of at most 10000: 
The log-likelihood improved by 2.293 
Iteration 5 of at most 10000: 
The log-likelihood improved by 1.828 
Iteration 6 of at most 10000: 
The log-likelihood improved by 1.909 
Iteration 7 of at most 10000: 
The log-likelihood improved by 0.951 
Iteration 8 of at most 10000: 
The log-likelihood improved by 2.063 
Iteration 9 of at most 10000: 
The log-likelihood improved by 1.854 
Iteration 10 of at most 10000: 
The log-likelihood improved by 2.487 
Iteration 11 of at most 10000: 
The log-likelihood improved by 1.549 
Iteration 12 of at most 10000: 
The log-likelihood improved by 3.411 
Iteration 13 of at most 10000: 
The log-likelihood improved by 3.811 
Iteration 14 of at most 10000: 
The log-likelihood improved by 2.912 
Iteration 15 of at most 10000: 
The log-likelihood improved by 4.591 
Iteration 16 of at most 10000: 
The log-likelihood improved by 12.68 
Iteration 17 of at most 10000: 
The log-likelihood improved by 12.33 
Iteration 18 of at most 10000: 
The log-likelihood did not improve.
Iteration 19 of at most 10000: 
The log-likelihood did not improve.
Iteration 20 of at most 10000: 
The log-likelihood did not improve.
Iteration 21 of at most 10000: 
The log-likelihood did not improve.
Iteration 22 of at most 10000: 
The log-likelihood did not improve.
Iteration 23 of at most 10000: 
The log-likelihood did not improve.
Iteration 24 of at most 10000: 
The log-likelihood did not improve.
Iteration 25 of at most 10000: 
The log-likelihood did not improve.
Iteration 26 of at most 10000: 
The log-likelihood did not improve.
Iteration 27 of at most 10000: 
The log-likelihood did not improve.
Iteration 28 of at most 10000: 
The log-likelihood did not improve.
Iteration 29 of at most 10000: 
