
R version 3.2.0 (2015-04-16) -- "Full of Ingredients"
Copyright (C) 2015 The R Foundation for Statistical Computing
Platform: x86_64-unknown-linux-gnu (64-bit)

R is free software and comes with ABSOLUTELY NO WARRANTY.
You are welcome to redistribute it under certain conditions.
Type 'license()' or 'licence()' for distribution details.

R is a collaborative project with many contributors.
Type 'contributors()' for more information and
'citation()' on how to cite R or R packages in publications.

Type 'demo()' for some demos, 'help()' for on-line help, or
'help.start()' for an HTML browser interface to help.
Type 'q()' to quit R.

> 
> load(file="supreme54.RData")
> 
> install.packages("statnet", Sys.getenv("R_LIBS_USER"), repos = "http://cran.case.edu" )
unable to reach CRAN

The downloaded source packages are in
	'/tmp/RtmpI0cm5E/downloaded_packages'
> library(statnet)
> 
> 
> set.seed(1)
> model20.mle<- ergm(scnetwork54~edges+ nodecov('salience')+ nodecov('year.center') + absdiff('year.center') + absdiff('year.center.square')+degreepopularity + dsp(0) + esp(0),
+                    control=control.ergm(MCMLE.maxit = 10000,MCMC.samplesize=8224, parallel=4)) #MCMLE.termination = "Hotelling",
Starting maximum likelihood estimation via MCMLE:
Iteration 1 of at most 10000: 
The log-likelihood improved by 11.55 
Iteration 2 of at most 10000: 
The log-likelihood improved by 2.734 
Iteration 3 of at most 10000: 
The log-likelihood improved by 2.138 
Iteration 4 of at most 10000: 
The log-likelihood improved by 1.571 
Iteration 5 of at most 10000: 
The log-likelihood improved by 1.291 
Iteration 6 of at most 10000: 
The log-likelihood improved by 1.796 
Iteration 7 of at most 10000: 
The log-likelihood improved by 2.087 
Iteration 8 of at most 10000: 
The log-likelihood improved by 2.077 
Iteration 9 of at most 10000: 
The log-likelihood improved by 2.318 
Iteration 10 of at most 10000: 
The log-likelihood improved by 2.797 
Iteration 11 of at most 10000: 
The log-likelihood improved by 3.071 
Iteration 12 of at most 10000: 
The log-likelihood improved by 2.537 
Iteration 13 of at most 10000: 
The log-likelihood improved by 2.184 
Iteration 14 of at most 10000: 
